<?xml version="1.0" encoding="UTF-8"?>
<!-- Generated by org.testng.reporters.JUnitXMLReporter -->
<testsuite hostname="KH537" name="Test" tests="15" failures="0" timestamp="6 May 2019 09:52:36 GMT" time="765.378" errors="0">
  <testcase name="LoginTest" time="24.294" classname="test.EmployeeDirectory.tests.LoginTests"/>
  <testcase name="LoginTestWrongPwd" time="25.212" classname="test.EmployeeDirectory.tests.LoginTests"/>
  <testcase name="validatekFBtnClick" time="14.385" classname="test.EmployeeDirectory.tests.KnowledgeFrameworkTests"/>
  <testcase name="validatekFObjServ" time="12.869" classname="test.EmployeeDirectory.tests.KnowledgeFrameworkTests"/>
  <testcase name="validatekFComp" time="12.862" classname="test.EmployeeDirectory.tests.KnowledgeFrameworkTests"/>
  <testcase name="test_MenuDirectory" time="6.419" classname="test.EmployeeDirectory.tests.ListDetailTests"/>
  <testcase name="test_MenuColleagues" time="15.547" classname="test.EmployeeDirectory.tests.ListDetailTests"/>
  <testcase name="test_MenuMessages" time="15.515" classname="test.EmployeeDirectory.tests.ListDetailTests"/>
  <testcase name="test_MenuEvents" time="15.404" classname="test.EmployeeDirectory.tests.ListDetailTests"/>
  <testcase name="test_MenuSettings" time="15.455" classname="test.EmployeeDirectory.tests.ListDetailTests"/>
  <testcase name="EmployeeCheck" time="7.5" classname="test.EmployeeDirectory.tests.ListDetailTests"/>
  <testcase name="srollDetailsScreen" time="9.897" classname="test.EmployeeDirectory.tests.ListDetailTests"/>
  <testcase name="searchByDepartmnt" time="10.497" classname="test.EmployeeDirectory.tests.ListDetailTests"/>
  <testcase name="searchByEmpname" time="15.016" classname="test.EmployeeDirectory.tests.ListDetailTests"/>
  <testcase name="FilterValidation" time="13.771" classname="test.EmployeeDirectory.tests.ListDetailTests"/>
</testsuite> <!-- Test -->
